\BOOKMARK [1][-]{section.1}{\376\377\000L\000i\000n\000e\000a\000r\000\040\000e\000q\000u\000a\000t\000i\000o\000n\000\040\000i\000n\000\040\000f\000u\000n\000c\000t\000i\000o\000n\000a\000l\000\040\000s\000p\000a\000c\000e}{}% 1
\BOOKMARK [2][-]{subsection.1.1}{\376\377\000S\000p\000a\000c\000e\000s}{section.1}% 2
\BOOKMARK [3][-]{subsubsection.1.1.1}{\376\377\000S\000u\000b\000s\000p\000a\000c\000e\000s}{subsection.1.1}% 3
\BOOKMARK [3][-]{subsubsection.1.1.2}{\376\377\000B\000a\000s\000i\000s}{subsection.1.1}% 4
\BOOKMARK [3][-]{subsubsection.1.1.3}{\376\377\000P\000r\000o\000j\000e\000c\000t\000i\000o\000n}{subsection.1.1}% 5
\BOOKMARK [2][-]{subsection.1.2}{\376\377\000L\000i\000n\000e\000a\000r\000\040\000o\000p\000e\000r\000a\000t\000o\000r}{section.1}% 6
\BOOKMARK [3][-]{subsubsection.1.2.1}{\376\377\000B\000o\000u\000n\000d\000n\000e\000s\000s\000\040\000a\000n\000d\000\040\000c\000o\000n\000t\000i\000n\000u\000i\000t\000y}{subsection.1.2}% 7
\BOOKMARK [3][-]{subsubsection.1.2.2}{\376\377\000A\000d\000j\000o\000i\000n\000t\000\040\000o\000p\000e\000r\000a\000t\000o\000r}{subsection.1.2}% 8
\BOOKMARK [3][-]{subsubsection.1.2.3}{\376\377\000C\000o\000m\000p\000a\000c\000t\000\040\000o\000p\000e\000r\000a\000t\000o\000r\000s\000\040\000a\000n\000d\000\040\000S\000V\000D}{subsection.1.2}% 9
\BOOKMARK [2][-]{subsection.1.3}{\376\377\000L\000i\000n\000e\000a\000r\000\040\000E\000q\000u\000a\000t\000i\000o\000n\000s}{section.1}% 10
\BOOKMARK [3][-]{subsubsection.1.3.1}{\376\377\000G\000e\000n\000r\000a\000l\000i\000z\000e\000d\000\040\000I\000n\000v\000e\000r\000s\000e}{subsection.1.3}% 11
\BOOKMARK [3][-]{subsubsection.1.3.2}{\376\377\000R\000e\000g\000u\000l\000a\000r\000i\000z\000e\000d\000\040\000s\000o\000l\000u\000t\000i\000o\000n}{subsection.1.3}% 12
\BOOKMARK [3][-]{subsubsection.1.3.3}{\376\377\000S\000a\000u\000c\000e\000\040\000c\000o\000n\000d\000i\000t\000i\000o\000n}{subsection.1.3}% 13
\BOOKMARK [3][-]{subsubsection.1.3.4}{\376\377\000A\000l\000g\000o\000r\000i\000t\000h\000m}{subsection.1.3}% 14
\BOOKMARK [1][-]{section.2}{\376\377\000S\000t\000a\000t\000i\000s\000t\000i\000c\000a\000l\000\040\000a\000n\000a\000l\000y\000s\000i\000s\000\040\000o\000f\000\040\000l\000i\000n\000e\000a\000r\000\040\000e\000q\000u\000a\000t\000i\000o\000n}{}% 15
\BOOKMARK [2][-]{subsection.2.1}{\376\377\000R\000a\000t\000e\000\040\000o\000f\000\040\000c\000o\000n\000v\000e\000r\000g\000e\000n\000c\000e}{section.2}% 16
\BOOKMARK [3][-]{subsubsection.2.1.1}{\376\377\000W\000h\000e\000n\000\040\000K\000\040\000i\000s\000\040\000g\000i\000v\000e\000n}{subsection.2.1}% 17
\BOOKMARK [3][-]{subsubsection.2.1.2}{\376\377\000W\000h\000e\000n\000\040\000K\000\040\000i\000s\000\040\000e\000s\000t\000i\000m\000a\000t\000e\000d}{subsection.2.1}% 18
\BOOKMARK [2][-]{subsection.2.2}{\376\377\000A\000p\000p\000l\000i\000c\000a\000t\000i\000o\000n\000s}{section.2}% 19
\BOOKMARK [3][-]{subsubsection.2.2.1}{\376\377\000R\000e\000g\000r\000e\000s\000s\000i\000o\000n}{subsection.2.2}% 20
